<?xml version="1.0" encoding="UTF-8"?>
<!-- Generated by org.testng.reporters.JUnitReportReporter -->
<testsuite skipped="0" hostname="DESKTOP-EPP13O0" name="com.training.regression.tests.LoginExcelTest" tests="5" failures="0" timestamp="18 Mar 2020 05:48:23 GMT" time="77.142" errors="0">
  <testcase name="loginDBTest" time="15.225" classname="com.training.regression.tests.LoginExcelTest"/>
  <testcase name="loginDBTest" time="16.923" classname="com.training.regression.tests.LoginExcelTest"/>
  <testcase name="loginDBTest" time="15.501" classname="com.training.regression.tests.LoginExcelTest"/>
  <testcase name="loginDBTest" time="14.640" classname="com.training.regression.tests.LoginExcelTest"/>
  <testcase name="loginDBTest" time="14.853" classname="com.training.regression.tests.LoginExcelTest"/>
</testsuite> <!-- com.training.regression.tests.LoginExcelTest -->
