<?xml version="1.0" encoding="UTF-8"?>
<!-- Generated by org.testng.reporters.JUnitReportReporter -->
<testsuite skipped="0" hostname="DESKTOP-EPP13O0" name="com.training.sanity.tests.LoginTests" tests="1" failures="0" timestamp="03 Mar 2020 10:24:34 GMT" time="33.371" errors="0">
  <testcase name="validLoginTest" time="33.371" classname="com.training.sanity.tests.LoginTests"/>
</testsuite> <!-- com.training.sanity.tests.LoginTests -->
