<?xml version="1.0" encoding="UTF-8"?>
<!-- Generated by org.testng.reporters.JUnitReportReporter -->
<testsuite skipped="0" hostname="DESKTOP-EPP13O0" name="com.training.sanity.tests.MyAccountTests" tests="1" failures="0" timestamp="04 Mar 2020 18:06:52 GMT" time="33.250" errors="0">
  <testcase name="validChangePasswordTest" time="33.250" classname="com.training.sanity.tests.MyAccountTests"/>
</testsuite> <!-- com.training.sanity.tests.MyAccountTests -->
