<?xml version="1.0" encoding="UTF-8"?>
<!-- Generated by org.testng.reporters.JUnitReportReporter -->
<testsuite skipped="0" hostname="DESKTOP-EPP13O0" name="com.training.sanity.tests.AdminEditCategory" tests="1" failures="0" timestamp="17 Mar 2020 09:04:21 GMT" time="24.541" errors="0">
  <testcase name="editCategoryTest" time="24.541" classname="com.training.sanity.tests.AdminEditCategory"/>
</testsuite> <!-- com.training.sanity.tests.AdminEditCategory -->
