<?xml version="1.0" encoding="UTF-8"?>
<!-- Generated by org.testng.reporters.JUnitReportReporter -->
<testsuite skipped="0" hostname="DESKTOP-EPP13O0" name="com.training.sanity.tests.AdminAddNewCategory" tests="1" failures="0" timestamp="10 Mar 2020 11:40:16 GMT" time="24.664" errors="0">
  <testcase name="addNewCategoryTest" time="24.664" classname="com.training.sanity.tests.AdminAddNewCategory"/>
</testsuite> <!-- com.training.sanity.tests.AdminAddNewCategory -->
