<?xml version="1.0" encoding="UTF-8"?>
<!-- Generated by org.testng.reporters.JUnitReportReporter -->
<testsuite skipped="0" hostname="DESKTOP-EPP13O0" name="com.training.sanity.tests.AdminLoginTest" tests="1" failures="0" timestamp="09 Mar 2020 13:52:11 GMT" time="21.487" errors="0">
  <testcase name="deleteCategoryTest" time="21.487" classname="com.training.sanity.tests.AdminLoginTest"/>
</testsuite> <!-- com.training.sanity.tests.AdminLoginTest -->
