<?xml version="1.0" encoding="UTF-8"?>
<!-- Generated by org.testng.reporters.JUnitReportReporter -->
<testsuite skipped="0" hostname="DESKTOP-EPP13O0" name="com.training.regression.tests.LoginExcelTest" tests="5" failures="0" timestamp="18 Mar 2020 06:04:19 GMT" time="75.963" errors="0">
  <testcase name="loginDBTest" time="16.102" classname="com.training.regression.tests.LoginExcelTest"/>
  <testcase name="loginDBTest" time="14.402" classname="com.training.regression.tests.LoginExcelTest"/>
  <testcase name="loginDBTest" time="15.633" classname="com.training.regression.tests.LoginExcelTest"/>
  <testcase name="loginDBTest" time="15.078" classname="com.training.regression.tests.LoginExcelTest"/>
  <testcase name="loginDBTest" time="14.748" classname="com.training.regression.tests.LoginExcelTest"/>
</testsuite> <!-- com.training.regression.tests.LoginExcelTest -->
