<?xml version="1.0" encoding="UTF-8"?>
<!-- Generated by org.testng.reporters.JUnitReportReporter -->
<testsuite skipped="0" hostname="DESKTOP-EPP13O0" name="com.training.regression.tests.AddMultipleProductDetailsTest" tests="4" failures="0" timestamp="26 Mar 2020 11:52:54 GMT" time="142.224" errors="0">
  <testcase name="addMultipleProductDetailsTest" time="45.860" classname="com.training.regression.tests.AddMultipleProductDetailsTest"/>
  <testcase name="addMultipleProductDetailsTest" time="33.537" classname="com.training.regression.tests.AddMultipleProductDetailsTest"/>
  <testcase name="addMultipleProductDetailsTest" time="31.873" classname="com.training.regression.tests.AddMultipleProductDetailsTest"/>
  <testcase name="addMultipleProductDetailsTest" time="30.954" classname="com.training.regression.tests.AddMultipleProductDetailsTest"/>
</testsuite> <!-- com.training.regression.tests.AddMultipleProductDetailsTest -->
