<?xml version="1.0" encoding="UTF-8"?>
<!-- Generated by org.testng.reporters.JUnitReportReporter -->
<testsuite skipped="0" hostname="DESKTOP-EPP13O0" name="com.training.sanity.tests.AddToCartTest" tests="1" failures="0" timestamp="05 Mar 2020 13:01:12 GMT" time="46.270" errors="0">
  <testcase name="productAddedToCartTest" time="46.270" classname="com.training.sanity.tests.AddToCartTest"/>
</testsuite> <!-- com.training.sanity.tests.AddToCartTest -->
