<?xml version="1.0" encoding="UTF-8"?>
<!-- Generated by org.testng.reporters.JUnitReportReporter -->
<testsuite skipped="0" hostname="DESKTOP-EPP13O0" name="com.training.regression.tests.AddInvalidProductDetailsTest" tests="4" failures="0" timestamp="26 Mar 2020 12:56:31 GMT" time="114.725" errors="0">
  <testcase name="addMultipleProductDetailsTest" time="31.854" classname="com.training.regression.tests.AddInvalidProductDetailsTest"/>
  <testcase name="addMultipleProductDetailsTest" time="27.603" classname="com.training.regression.tests.AddInvalidProductDetailsTest"/>
  <testcase name="addMultipleProductDetailsTest" time="27.090" classname="com.training.regression.tests.AddInvalidProductDetailsTest"/>
  <testcase name="addMultipleProductDetailsTest" time="28.178" classname="com.training.regression.tests.AddInvalidProductDetailsTest"/>
</testsuite> <!-- com.training.regression.tests.AddInvalidProductDetailsTest -->
