<?xml version="1.0" encoding="UTF-8"?>
<!-- Generated by org.testng.reporters.JUnitReportReporter -->
<testsuite skipped="0" hostname="DESKTOP-EPP13O0" name="com.training.regression.tests.ProductDetailsTest" tests="4" failures="0" timestamp="25 Mar 2020 10:56:20 GMT" time="91.240" errors="0">
  <testcase name="productDeatilsTest" time="22.761" classname="com.training.regression.tests.ProductDetailsTest"/>
  <testcase name="productDeatilsTest" time="22.971" classname="com.training.regression.tests.ProductDetailsTest"/>
  <testcase name="productDeatilsTest" time="22.437" classname="com.training.regression.tests.ProductDetailsTest"/>
  <testcase name="productDeatilsTest" time="23.071" classname="com.training.regression.tests.ProductDetailsTest"/>
</testsuite> <!-- com.training.regression.tests.ProductDetailsTest -->
