<?xml version="1.0" encoding="UTF-8"?>
<!-- Generated by org.testng.reporters.JUnitReportReporter -->
<testsuite skipped="0" hostname="DESKTOP-EPP13O0" name="com.training.sanity.tests.AdminAddNewCategory" tests="1" failures="0" timestamp="17 Mar 2020 11:12:24 GMT" time="24.962" errors="0">
  <testcase name="addNewCategoryTest" time="24.962" classname="com.training.sanity.tests.AdminAddNewCategory"/>
</testsuite> <!-- com.training.sanity.tests.AdminAddNewCategory -->
