<?xml version="1.0" encoding="UTF-8"?>
<!-- Generated by org.testng.reporters.JUnitReportReporter -->
<testsuite skipped="0" hostname="DESKTOP-EPP13O0" name="com.training.sanity.tests.LoginTests" tests="1" failures="0" timestamp="03 Mar 2020 10:51:35 GMT" time="35.250" errors="0">
  <testcase name="validLoginTest" time="35.250" classname="com.training.sanity.tests.LoginTests"/>
</testsuite> <!-- com.training.sanity.tests.LoginTests -->
