<?xml version="1.0" encoding="UTF-8"?>
<!-- Generated by org.testng.reporters.JUnitReportReporter -->
<testsuite skipped="0" hostname="DESKTOP-EPP13O0" name="com.training.regression.tests.ProductDetailsTest" tests="4" failures="0" timestamp="23 Mar 2020 15:33:02 GMT" time="517.405" errors="0">
  <testcase name="productDeatilsTest" time="27.807" classname="com.training.regression.tests.ProductDetailsTest"/>
  <testcase name="productDeatilsTest" time="72.086" classname="com.training.regression.tests.ProductDetailsTest"/>
  <testcase name="productDeatilsTest" time="112.378" classname="com.training.regression.tests.ProductDetailsTest"/>
  <testcase name="productDeatilsTest" time="305.134" classname="com.training.regression.tests.ProductDetailsTest"/>
</testsuite> <!-- com.training.regression.tests.ProductDetailsTest -->
